INFO: [COSIM-47] Using XSIM for RTL simulation.
INFO: [COSIM-14] Instrumenting C test bench ...
   Build using "C:/Xilinx/Vitis_HLS/2024.1/vcxx/libexec/clang++"
   Compiling dummy_tb.cpp_pre.cpp.tb.cpp
   Compiling fpu_stub.cpp_pre.cpp.tb.cpp
   Compiling apatb_fpu_top.cpp
   Compiling apatb_fpu_top_ir.ll
   Generating cosim.tv.exe
INFO: [COSIM-302] Starting C TB testing ... 
INFO: [COSIM-333] Generating C post check test bench ...
INFO: [COSIM-12] Generating RTL test bench ...
INFO: [COSIM-1] *** C/RTL co-simulation file generation completed. ***
INFO: [COSIM-323] Starting verilog simulation. 
INFO: [COSIM-15] Starting XSIM ...
INFO: [COSIM-316] Starting C post checking ...

C:\Users\umbre\Downloads\FPGAs-Proyecto-Final\blackbox\scripts\fpu_hls_project\solution1\sim\verilog>set PATH= 

C:\Users\umbre\Downloads\FPGAs-Proyecto-Final\blackbox\scripts\fpu_hls_project\solution1\sim\verilog>call C:/Xilinx/Vivado/2024.1/bin/xelab xil_defaultlib.apatb_fpu_top_top glbl -Oenable_linking_all_libraries  -prj fpu_top.prj -L smartconnect_v1_0 -L axi_protocol_checker_v1_1_12 -L axi_protocol_checker_v1_1_13 -L axis_protocol_checker_v1_1_11 -L axis_protocol_checker_v1_1_12 -L xil_defaultlib -L unisims_ver -L xpm  -L floating_point_v7_0_23 -L floating_point_v7_1_18 --lib "ieee_proposed=./ieee_proposed" -s fpu_top -debug all 
Vivado Simulator v2024.1
Copyright 1986-2022 Xilinx, Inc. All Rights Reserved.
Copyright 2022-2024 Advanced Micro Devices, Inc. All Rights Reserved.
Running: C:/Xilinx/Vivado/2024.1/bin/unwrapped/win64.o/xelab.exe xil_defaultlib.apatb_fpu_top_top glbl -Oenable_linking_all_libraries -prj fpu_top.prj -L smartconnect_v1_0 -L axi_protocol_checker_v1_1_12 -L axi_protocol_checker_v1_1_13 -L axis_protocol_checker_v1_1_11 -L axis_protocol_checker_v1_1_12 -L xil_defaultlib -L unisims_ver -L xpm -L floating_point_v7_0_23 -L floating_point_v7_1_18 --lib ieee_proposed=./ieee_proposed -s fpu_top -debug all 
Multi-threading is on. Using 14 slave threads.
INFO: [VRFC 10-2263] Analyzing SystemVerilog file "C:/Users/umbre/Downloads/FPGAs-Proyecto-Final/blackbox/scripts/fpu_hls_project/solution1/sim/verilog/glbl.v" into library work
INFO: [VRFC 10-311] analyzing module glbl
INFO: [VRFC 10-2263] Analyzing SystemVerilog file "C:/Users/umbre/Downloads/FPGAs-Proyecto-Final/blackbox/scripts/fpu_hls_project/solution1/sim/verilog/AESL_axi_slave_control.v" into library xil_defaultlib
INFO: [VRFC 10-311] analyzing module AESL_axi_slave_control
INFO: [VRFC 10-2263] Analyzing SystemVerilog file "C:/Users/umbre/Downloads/FPGAs-Proyecto-Final/blackbox/scripts/fpu_hls_project/solution1/sim/verilog/fpu_top.autotb.v" into library xil_defaultlib
INFO: [VRFC 10-311] analyzing module apatb_fpu_top_top
INFO: [VRFC 10-2263] Analyzing SystemVerilog file "C:/Users/umbre/Downloads/FPGAs-Proyecto-Final/blackbox/scripts/fpu_hls_project/solution1/sim/verilog/fpu_top.v" into library xil_defaultlib
INFO: [VRFC 10-311] analyzing module fpu_top
INFO: [VRFC 10-2263] Analyzing SystemVerilog file "C:/Users/umbre/Downloads/FPGAs-Proyecto-Final/blackbox/scripts/fpu_hls_project/solution1/sim/verilog/fpu_top_control_s_axi.v" into library xil_defaultlib
INFO: [VRFC 10-311] analyzing module fpu_top_control_s_axi
INFO: [VRFC 10-2263] Analyzing SystemVerilog file "C:/Users/umbre/Downloads/FPGAs-Proyecto-Final/blackbox/scripts/fpu_hls_project/solution1/sim/verilog/dataflow_monitor.sv" into library xil_defaultlib
INFO: [VRFC 10-311] analyzing module dataflow_monitor
Starting static elaboration
Pass Through NonSizing Optimizer
WARNING: [VRFC 10-3645] port 'rst' remains unconnected for this instance [C:/Users/umbre/Downloads/FPGAs-Proyecto-Final/blackbox/scripts/fpu_hls_project/solution1/sim/verilog/fpu_top.v:83]
Completed static elaboration
Starting simulation data flow analysis
Completed simulation data flow analysis
Time Resolution for simulation is 1ps
Compiling package xil_defaultlib.$unit_dataflow_monitor_sv
Compiling module xil_defaultlib.fpu_top_control_s_axi
Compiling module xil_defaultlib.fpu_top
Compiling module xil_defaultlib.AESL_axi_slave_control
Compiling module xil_defaultlib.nodf_module_intf_default
Compiling module xil_defaultlib.dataflow_monitor
Compiling module xil_defaultlib.apatb_fpu_top_top
Compiling module work.glbl
Built simulation snapshot fpu_top

****** xsim v2024.1 (64-bit)
  **** SW Build 5076996 on Wed May 22 18:37:14 MDT 2024
  **** IP Build 5075265 on Wed May 22 21:45:21 MDT 2024
  **** SharedData Build 5076995 on Wed May 22 18:29:18 MDT 2024
  **** Start of session at: Thu Apr 23 12:09:35 2026
    ** Copyright 1986-2022 Xilinx, Inc. All Rights Reserved.
    ** Copyright 2022-2024 Advanced Micro Devices, Inc. All Rights Reserved.

source xsim.dir/fpu_top/xsim_script.tcl
# xsim {fpu_top} -view {{fpu_top_dataflow_ana.wcfg}} -tclbatch {fpu_top.tcl} -protoinst {fpu_top.protoinst}
INFO: [Wavedata 42-565] Reading protoinst file fpu_top.protoinst
Time resolution is 1 ps
open_wave_config fpu_top_dataflow_ana.wcfg
source fpu_top.tcl
## log_wave -r /
WARNING: [Simtcl 6-197] One or more HDL objects could not be logged because of object type or size limitations.  To see details please rerun the command with -verbose (-v).
## set designtopgroup [add_wave_group "Design Top Signals"]
## set cinputgroup [add_wave_group "C Inputs" -into $designtopgroup]
## set clk__rst_n__ce_r__valid_in__precision__op__operand_a__operand_b__valid_out__precision_out__result__exceptions_group [add_wave_group clk__rst_n__ce_r__valid_in__precision__op__operand_a__operand_b__valid_out__precision_out__result__exceptions(axi_slave) -into $cinputgroup]
## add_wave /apatb_fpu_top_top/AESL_inst_fpu_top/s_axi_control_BRESP -into $clk__rst_n__ce_r__valid_in__precision__op__operand_a__operand_b__valid_out__precision_out__result__exceptions_group -radix hex
## add_wave /apatb_fpu_top_top/AESL_inst_fpu_top/s_axi_control_BREADY -into $clk__rst_n__ce_r__valid_in__precision__op__operand_a__operand_b__valid_out__precision_out__result__exceptions_group -color #ffff00 -radix hex
## add_wave /apatb_fpu_top_top/AESL_inst_fpu_top/s_axi_control_BVALID -into $clk__rst_n__ce_r__valid_in__precision__op__operand_a__operand_b__valid_out__precision_out__result__exceptions_group -color #ffff00 -radix hex
## add_wave /apatb_fpu_top_top/AESL_inst_fpu_top/s_axi_control_RRESP -into $clk__rst_n__ce_r__valid_in__precision__op__operand_a__operand_b__valid_out__precision_out__result__exceptions_group -radix hex
## add_wave /apatb_fpu_top_top/AESL_inst_fpu_top/s_axi_control_RDATA -into $clk__rst_n__ce_r__valid_in__precision__op__operand_a__operand_b__valid_out__precision_out__result__exceptions_group -radix hex
## add_wave /apatb_fpu_top_top/AESL_inst_fpu_top/s_axi_control_RREADY -into $clk__rst_n__ce_r__valid_in__precision__op__operand_a__operand_b__valid_out__precision_out__result__exceptions_group -color #ffff00 -radix hex
## add_wave /apatb_fpu_top_top/AESL_inst_fpu_top/s_axi_control_RVALID -into $clk__rst_n__ce_r__valid_in__precision__op__operand_a__operand_b__valid_out__precision_out__result__exceptions_group -color #ffff00 -radix hex
## add_wave /apatb_fpu_top_top/AESL_inst_fpu_top/s_axi_control_ARREADY -into $clk__rst_n__ce_r__valid_in__precision__op__operand_a__operand_b__valid_out__precision_out__result__exceptions_group -color #ffff00 -radix hex
## add_wave /apatb_fpu_top_top/AESL_inst_fpu_top/s_axi_control_ARVALID -into $clk__rst_n__ce_r__valid_in__precision__op__operand_a__operand_b__valid_out__precision_out__result__exceptions_group -color #ffff00 -radix hex
## add_wave /apatb_fpu_top_top/AESL_inst_fpu_top/s_axi_control_ARADDR -into $clk__rst_n__ce_r__valid_in__precision__op__operand_a__operand_b__valid_out__precision_out__result__exceptions_group -radix hex
## add_wave /apatb_fpu_top_top/AESL_inst_fpu_top/s_axi_control_WSTRB -into $clk__rst_n__ce_r__valid_in__precision__op__operand_a__operand_b__valid_out__precision_out__result__exceptions_group -radix hex
## add_wave /apatb_fpu_top_top/AESL_inst_fpu_top/s_axi_control_WDATA -into $clk__rst_n__ce_r__valid_in__precision__op__operand_a__operand_b__valid_out__precision_out__result__exceptions_group -radix hex
## add_wave /apatb_fpu_top_top/AESL_inst_fpu_top/s_axi_control_WREADY -into $clk__rst_n__ce_r__valid_in__precision__op__operand_a__operand_b__valid_out__precision_out__result__exceptions_group -color #ffff00 -radix hex
## add_wave /apatb_fpu_top_top/AESL_inst_fpu_top/s_axi_control_WVALID -into $clk__rst_n__ce_r__valid_in__precision__op__operand_a__operand_b__valid_out__precision_out__result__exceptions_group -color #ffff00 -radix hex
## add_wave /apatb_fpu_top_top/AESL_inst_fpu_top/s_axi_control_AWREADY -into $clk__rst_n__ce_r__valid_in__precision__op__operand_a__operand_b__valid_out__precision_out__result__exceptions_group -color #ffff00 -radix hex
## add_wave /apatb_fpu_top_top/AESL_inst_fpu_top/s_axi_control_AWVALID -into $clk__rst_n__ce_r__valid_in__precision__op__operand_a__operand_b__valid_out__precision_out__result__exceptions_group -color #ffff00 -radix hex
## add_wave /apatb_fpu_top_top/AESL_inst_fpu_top/s_axi_control_AWADDR -into $clk__rst_n__ce_r__valid_in__precision__op__operand_a__operand_b__valid_out__precision_out__result__exceptions_group -radix hex
## set resetgroup [add_wave_group "Reset" -into $designtopgroup]
## add_wave /apatb_fpu_top_top/AESL_inst_fpu_top/ap_rst_n -into $resetgroup
## set clockgroup [add_wave_group "Clock" -into $designtopgroup]
## add_wave /apatb_fpu_top_top/AESL_inst_fpu_top/ap_clk -into $clockgroup
## set testbenchgroup [add_wave_group "Test Bench Signals"]
## set tbinternalsiggroup [add_wave_group "Internal Signals" -into $testbenchgroup]
## set tb_simstatus_group [add_wave_group "Simulation Status" -into $tbinternalsiggroup]
## set tb_portdepth_group [add_wave_group "Port Depth" -into $tbinternalsiggroup]
## add_wave /apatb_fpu_top_top/AUTOTB_TRANSACTION_NUM -into $tb_simstatus_group -radix hex
## add_wave /apatb_fpu_top_top/ready_cnt -into $tb_simstatus_group -radix hex
## add_wave /apatb_fpu_top_top/done_cnt -into $tb_simstatus_group -radix hex
## add_wave /apatb_fpu_top_top/LENGTH_ce_r -into $tb_portdepth_group -radix hex
## add_wave /apatb_fpu_top_top/LENGTH_clk -into $tb_portdepth_group -radix hex
## add_wave /apatb_fpu_top_top/LENGTH_exceptions -into $tb_portdepth_group -radix hex
## add_wave /apatb_fpu_top_top/LENGTH_op -into $tb_portdepth_group -radix hex
## add_wave /apatb_fpu_top_top/LENGTH_operand_a -into $tb_portdepth_group -radix hex
## add_wave /apatb_fpu_top_top/LENGTH_operand_b -into $tb_portdepth_group -radix hex
## add_wave /apatb_fpu_top_top/LENGTH_precision -into $tb_portdepth_group -radix hex
## add_wave /apatb_fpu_top_top/LENGTH_precision_out -into $tb_portdepth_group -radix hex
## add_wave /apatb_fpu_top_top/LENGTH_result -into $tb_portdepth_group -radix hex
## add_wave /apatb_fpu_top_top/LENGTH_rst_n -into $tb_portdepth_group -radix hex
## add_wave /apatb_fpu_top_top/LENGTH_valid_in -into $tb_portdepth_group -radix hex
## add_wave /apatb_fpu_top_top/LENGTH_valid_out -into $tb_portdepth_group -radix hex
## set tbcinputgroup [add_wave_group "C Inputs" -into $testbenchgroup]
## set tb_clk__rst_n__ce_r__valid_in__precision__op__operand_a__operand_b__valid_out__precision_out__result__exceptions_group [add_wave_group clk__rst_n__ce_r__valid_in__precision__op__operand_a__operand_b__valid_out__precision_out__result__exceptions(axi_slave) -into $tbcinputgroup]
## add_wave /apatb_fpu_top_top/control_BRESP -into $tb_clk__rst_n__ce_r__valid_in__precision__op__operand_a__operand_b__valid_out__precision_out__result__exceptions_group -radix hex
## add_wave /apatb_fpu_top_top/control_BREADY -into $tb_clk__rst_n__ce_r__valid_in__precision__op__operand_a__operand_b__valid_out__precision_out__result__exceptions_group -color #ffff00 -radix hex
## add_wave /apatb_fpu_top_top/control_BVALID -into $tb_clk__rst_n__ce_r__valid_in__precision__op__operand_a__operand_b__valid_out__precision_out__result__exceptions_group -color #ffff00 -radix hex
## add_wave /apatb_fpu_top_top/control_RRESP -into $tb_clk__rst_n__ce_r__valid_in__precision__op__operand_a__operand_b__valid_out__precision_out__result__exceptions_group -radix hex
## add_wave /apatb_fpu_top_top/control_RDATA -into $tb_clk__rst_n__ce_r__valid_in__precision__op__operand_a__operand_b__valid_out__precision_out__result__exceptions_group -radix hex
## add_wave /apatb_fpu_top_top/control_RREADY -into $tb_clk__rst_n__ce_r__valid_in__precision__op__operand_a__operand_b__valid_out__precision_out__result__exceptions_group -color #ffff00 -radix hex
## add_wave /apatb_fpu_top_top/control_RVALID -into $tb_clk__rst_n__ce_r__valid_in__precision__op__operand_a__operand_b__valid_out__precision_out__result__exceptions_group -color #ffff00 -radix hex
## add_wave /apatb_fpu_top_top/control_ARREADY -into $tb_clk__rst_n__ce_r__valid_in__precision__op__operand_a__operand_b__valid_out__precision_out__result__exceptions_group -color #ffff00 -radix hex
## add_wave /apatb_fpu_top_top/control_ARVALID -into $tb_clk__rst_n__ce_r__valid_in__precision__op__operand_a__operand_b__valid_out__precision_out__result__exceptions_group -color #ffff00 -radix hex
## add_wave /apatb_fpu_top_top/control_ARADDR -into $tb_clk__rst_n__ce_r__valid_in__precision__op__operand_a__operand_b__valid_out__precision_out__result__exceptions_group -radix hex
## add_wave /apatb_fpu_top_top/control_WSTRB -into $tb_clk__rst_n__ce_r__valid_in__precision__op__operand_a__operand_b__valid_out__precision_out__result__exceptions_group -radix hex
## add_wave /apatb_fpu_top_top/control_WDATA -into $tb_clk__rst_n__ce_r__valid_in__precision__op__operand_a__operand_b__valid_out__precision_out__result__exceptions_group -radix hex
## add_wave /apatb_fpu_top_top/control_WREADY -into $tb_clk__rst_n__ce_r__valid_in__precision__op__operand_a__operand_b__valid_out__precision_out__result__exceptions_group -color #ffff00 -radix hex
## add_wave /apatb_fpu_top_top/control_WVALID -into $tb_clk__rst_n__ce_r__valid_in__precision__op__operand_a__operand_b__valid_out__precision_out__result__exceptions_group -color #ffff00 -radix hex
## add_wave /apatb_fpu_top_top/control_AWREADY -into $tb_clk__rst_n__ce_r__valid_in__precision__op__operand_a__operand_b__valid_out__precision_out__result__exceptions_group -color #ffff00 -radix hex
## add_wave /apatb_fpu_top_top/control_AWVALID -into $tb_clk__rst_n__ce_r__valid_in__precision__op__operand_a__operand_b__valid_out__precision_out__result__exceptions_group -color #ffff00 -radix hex
## add_wave /apatb_fpu_top_top/control_AWADDR -into $tb_clk__rst_n__ce_r__valid_in__precision__op__operand_a__operand_b__valid_out__precision_out__result__exceptions_group -radix hex
## save_wave_config fpu_top.wcfg
## run all
////////////////////////////////////////////////////////////////////////////////////
// Inter-Transaction Progress: Completed Transaction / Total Transaction
// Intra-Transaction Progress: Measured Latency / Latency Estimation * 100%
//
// RTL Simulation : "Inter-Transaction Progress" ["Intra-Transaction Progress"] @ "Simulation Time"
////////////////////////////////////////////////////////////////////////////////////
// RTL Simulation : 0 / 1 [n/a] @ "210000"
// RTL Simulation : 1 / 1 [n/a] @ "250000"
////////////////////////////////////////////////////////////////////////////////////
$finish called at time : 370 ns : File "C:/Users/umbre/Downloads/FPGAs-Proyecto-Final/blackbox/scripts/fpu_hls_project/solution1/sim/verilog/fpu_top.autotb.v" Line 328
## quit
INFO: [Common 17-206] Exiting xsim at Thu Apr 23 12:09:39 2026...
INFO: [COSIM-1000] *** C/RTL co-simulation finished: PASS ***
INFO: [COSIM-210] Design is translated to an combinational logic. II and Latency will be marked as all 0.
