
****** Vitis HLS - High-Level Synthesis from C, C++ and OpenCL v2024.1 (64-bit)
  **** SW Build 5069499 on May 21 2024
  **** IP Build 5075265 on Wed May 22 21:45:21 MDT 2024
  **** SharedData Build 5076995 on Wed May 22 18:29:18 MDT 2024
  **** Start of session at: Thu Apr 23 12:09:14 2026
    ** Copyright 1986-2022 Xilinx, Inc. All Rights Reserved.
    ** Copyright 2022-2024 Advanced Micro Devices, Inc. All Rights Reserved.

source C:/Xilinx/Vitis_HLS/2024.1/scripts/vitis_hls/hls.tcl -notrace
INFO: [HLS 200-10] For user 'umbre' on host 'caverna' (Windows NT_amd64 version 10.0) on Thu Apr 23 12:09:14 -0600 2026
INFO: [HLS 200-10] In directory 'C:/Users/umbre/Downloads/FPGAs-Proyecto-Final/blackbox/scripts'
WARNING: [HLS 200-2053] The vitis_hls executable is deprecated. Consider using vitis-run --mode hls --tcl
Sourcing Tcl script 'run_cosim.tcl'
INFO: [HLS 200-1510] Running: open_project -reset fpu_hls_project 
INFO: [HLS 200-10] Creating and opening project 'C:/Users/umbre/Downloads/FPGAs-Proyecto-Final/blackbox/scripts/fpu_hls_project'.
INFO: [HLS 200-1510] Running: set_top fpu_top 
INFO: [HLS 200-1510] Running: add_files ../src/fpu_stub.cpp -cflags -std=c++11 
INFO: [HLS 200-10] Adding design file '../src/fpu_stub.cpp' to the project
INFO: [HLS 200-1510] Running: add_files ../src/fpu_pkg.sv 
INFO: [HLS 200-10] Adding design file '../src/fpu_pkg.sv' to the project
INFO: [HLS 200-1510] Running: add_files ../src/fpu_top.sv 
INFO: [HLS 200-10] Adding design file '../src/fpu_top.sv' to the project
INFO: [HLS 200-1510] Running: add_files ../src/fpu_core.sv 
INFO: [HLS 200-10] Adding design file '../src/fpu_core.sv' to the project
INFO: [HLS 200-1510] Running: add_files ../src/fp_divider.sv 
INFO: [HLS 200-10] Adding design file '../src/fp_divider.sv' to the project
INFO: [HLS 200-1510] Running: add_files ../src/fp_pack.sv 
INFO: [HLS 200-10] Adding design file '../src/fp_pack.sv' to the project
INFO: [HLS 200-1510] Running: add_files ../src/fp_unpack.sv 
INFO: [HLS 200-10] Adding design file '../src/fp_unpack.sv' to the project
INFO: [HLS 200-1510] Running: add_files -tb ../tb/fpu_tb.sv 
INFO: [HLS 200-10] Adding test bench file '../tb/fpu_tb.sv' to the project
INFO: [HLS 200-1510] Running: add_files -tb ../tb/dummy_tb.cpp 
INFO: [HLS 200-10] Adding test bench file '../tb/dummy_tb.cpp' to the project
INFO: [HLS 200-1510] Running: open_solution -reset solution1 -flow_target vitis 
INFO: [HLS 200-10] Creating and opening solution 'C:/Users/umbre/Downloads/FPGAs-Proyecto-Final/blackbox/scripts/fpu_hls_project/solution1'.
INFO: [HLS 200-10] Cleaning up the solution database.
INFO: [HLS 200-1505] Using flow_target 'vitis'
Resolution: For help on HLS 200-1505 see docs.xilinx.com/access/sources/dita/topic?Doc_Version=2024.1%20English&url=ug1448-hls-guidance&resourceid=200-1505.html
INFO: [HLS 200-435] Setting 'open_solution -flow_target vitis' configuration: config_interface -m_axi_latency=64
INFO: [HLS 200-435] Setting 'open_solution -flow_target vitis' configuration: config_interface -m_axi_alignment_byte_size=64
INFO: [HLS 200-435] Setting 'open_solution -flow_target vitis' configuration: config_interface -m_axi_max_widen_bitwidth=512
INFO: [HLS 200-435] Setting 'open_solution -flow_target vitis' configuration: config_rtl -register_reset_num=3
INFO: [HLS 200-1510] Running: set_part xck26-sfvc784-2LV-c 
INFO: [HLS 200-1611] Setting target device to 'xck26-sfvc784-2LV-c'
INFO: [HLS 200-1510] Running: create_clock -period 20.0 -name default 
INFO: [SYN 201-201] Setting up clock 'default' with a period of 20ns.
INFO: [HLS 200-1510] Running: csynth_design 
WARNING: [HLS 200-40] Skipped source file 'fp_unpack.sv'. Source files must have extensions .c, .C, .cc, .cpp, .c++, .cp, or .cxx.
WARNING: [HLS 200-40] Skipped source file 'fp_pack.sv'. Source files must have extensions .c, .C, .cc, .cpp, .c++, .cp, or .cxx.
WARNING: [HLS 200-40] Skipped source file 'fp_divider.sv'. Source files must have extensions .c, .C, .cc, .cpp, .c++, .cp, or .cxx.
WARNING: [HLS 200-40] Skipped source file 'fpu_core.sv'. Source files must have extensions .c, .C, .cc, .cpp, .c++, .cp, or .cxx.
WARNING: [HLS 200-40] Skipped source file 'fpu_top.sv'. Source files must have extensions .c, .C, .cc, .cpp, .c++, .cp, or .cxx.
WARNING: [HLS 200-40] Skipped source file 'fpu_pkg.sv'. Source files must have extensions .c, .C, .cc, .cpp, .c++, .cp, or .cxx.
INFO: [HLS 200-111] Finished File checks and directory preparation: CPU user time: 0 seconds. CPU system time: 0 seconds. Elapsed time: 0.072 seconds; current allocated memory: 131.219 MB.
INFO: [HLS 200-10] Analyzing design file '../src/fpu_stub.cpp' ... 
INFO: [HLS 200-111] Finished Source Code Analysis and Preprocessing: CPU user time: 0 seconds. CPU system time: 0 seconds. Elapsed time: 2.323 seconds; current allocated memory: 133.789 MB.
INFO: [HLS 200-777] Using interface defaults for 'Vitis' flow target.
INFO: [HLS 200-1995] There were 10 instructions in the design after the 'Compile/Link' phase of compilation. See the Design Size Report for more details: C:/Users/umbre/Downloads/FPGAs-Proyecto-Final/blackbox/scripts/fpu_hls_project/solution1/syn/report/csynth_design_size.rpt
INFO: [HLS 200-1995] There were 10 instructions in the design after the 'Unroll/Inline (step 1)' phase of compilation. See the Design Size Report for more details: C:/Users/umbre/Downloads/FPGAs-Proyecto-Final/blackbox/scripts/fpu_hls_project/solution1/syn/report/csynth_design_size.rpt
INFO: [HLS 200-1995] There were 10 instructions in the design after the 'Unroll/Inline (step 2)' phase of compilation. See the Design Size Report for more details: C:/Users/umbre/Downloads/FPGAs-Proyecto-Final/blackbox/scripts/fpu_hls_project/solution1/syn/report/csynth_design_size.rpt
INFO: [HLS 200-1995] There were 26 instructions in the design after the 'Unroll/Inline (step 3)' phase of compilation. See the Design Size Report for more details: C:/Users/umbre/Downloads/FPGAs-Proyecto-Final/blackbox/scripts/fpu_hls_project/solution1/syn/report/csynth_design_size.rpt
INFO: [HLS 200-1995] There were 26 instructions in the design after the 'Unroll/Inline (step 4)' phase of compilation. See the Design Size Report for more details: C:/Users/umbre/Downloads/FPGAs-Proyecto-Final/blackbox/scripts/fpu_hls_project/solution1/syn/report/csynth_design_size.rpt
INFO: [HLS 200-1995] There were 26 instructions in the design after the 'Array/Struct (step 1)' phase of compilation. See the Design Size Report for more details: C:/Users/umbre/Downloads/FPGAs-Proyecto-Final/blackbox/scripts/fpu_hls_project/solution1/syn/report/csynth_design_size.rpt
INFO: [HLS 200-1995] There were 26 instructions in the design after the 'Array/Struct (step 2)' phase of compilation. See the Design Size Report for more details: C:/Users/umbre/Downloads/FPGAs-Proyecto-Final/blackbox/scripts/fpu_hls_project/solution1/syn/report/csynth_design_size.rpt
INFO: [HLS 200-1995] There were 26 instructions in the design after the 'Array/Struct (step 3)' phase of compilation. See the Design Size Report for more details: C:/Users/umbre/Downloads/FPGAs-Proyecto-Final/blackbox/scripts/fpu_hls_project/solution1/syn/report/csynth_design_size.rpt
INFO: [HLS 200-1995] There were 26 instructions in the design after the 'Array/Struct (step 4)' phase of compilation. See the Design Size Report for more details: C:/Users/umbre/Downloads/FPGAs-Proyecto-Final/blackbox/scripts/fpu_hls_project/solution1/syn/report/csynth_design_size.rpt
INFO: [HLS 200-1995] There were 26 instructions in the design after the 'Array/Struct (step 5)' phase of compilation. See the Design Size Report for more details: C:/Users/umbre/Downloads/FPGAs-Proyecto-Final/blackbox/scripts/fpu_hls_project/solution1/syn/report/csynth_design_size.rpt
INFO: [HLS 200-1995] There were 26 instructions in the design after the 'Performance (step 1)' phase of compilation. See the Design Size Report for more details: C:/Users/umbre/Downloads/FPGAs-Proyecto-Final/blackbox/scripts/fpu_hls_project/solution1/syn/report/csynth_design_size.rpt
INFO: [HLS 200-1995] There were 26 instructions in the design after the 'Performance (step 2)' phase of compilation. See the Design Size Report for more details: C:/Users/umbre/Downloads/FPGAs-Proyecto-Final/blackbox/scripts/fpu_hls_project/solution1/syn/report/csynth_design_size.rpt
INFO: [HLS 200-1995] There were 26 instructions in the design after the 'Performance (step 3)' phase of compilation. See the Design Size Report for more details: C:/Users/umbre/Downloads/FPGAs-Proyecto-Final/blackbox/scripts/fpu_hls_project/solution1/syn/report/csynth_design_size.rpt
INFO: [HLS 200-1995] There were 26 instructions in the design after the 'Performance (step 4)' phase of compilation. See the Design Size Report for more details: C:/Users/umbre/Downloads/FPGAs-Proyecto-Final/blackbox/scripts/fpu_hls_project/solution1/syn/report/csynth_design_size.rpt
INFO: [HLS 200-1995] There were 38 instructions in the design after the 'HW Transforms (step 1)' phase of compilation. See the Design Size Report for more details: C:/Users/umbre/Downloads/FPGAs-Proyecto-Final/blackbox/scripts/fpu_hls_project/solution1/syn/report/csynth_design_size.rpt
INFO: [HLS 200-1995] There were 39 instructions in the design after the 'HW Transforms (step 2)' phase of compilation. See the Design Size Report for more details: C:/Users/umbre/Downloads/FPGAs-Proyecto-Final/blackbox/scripts/fpu_hls_project/solution1/syn/report/csynth_design_size.rpt
INFO: [HLS 200-111] Finished Compiling Optimization and Transform: CPU user time: 0 seconds. CPU system time: 0 seconds. Elapsed time: 6.675 seconds; current allocated memory: 135.641 MB.
INFO: [HLS 200-111] Finished Checking Pragmas: CPU user time: 0 seconds. CPU system time: 0 seconds. Elapsed time: 0.002 seconds; current allocated memory: 135.656 MB.
INFO: [HLS 200-10] Starting code transformations ...
INFO: [HLS 200-111] Finished Standard Transforms: CPU user time: 0 seconds. CPU system time: 0 seconds. Elapsed time: 0.009 seconds; current allocated memory: 139.145 MB.
INFO: [HLS 200-10] Checking synthesizability ...
WARNING: [SYNCHK 200-77] The top function 'fpu_top' (../src/fpu_stub.cpp:6) has no outputs. Possible cause(s) are: (1) Output parameters are passed by value; (2) intended outputs (parameters or global variables) are never written; (3) there are infinite loops.
INFO: [SYNCHK 200-10] 0 error(s), 1 warning(s).
INFO: [HLS 200-111] Finished Checking Synthesizability: CPU user time: 0 seconds. CPU system time: 0 seconds. Elapsed time: 0.007 seconds; current allocated memory: 140.578 MB.
INFO: [HLS 200-111] Finished Loop, function and other optimizations: CPU user time: 0 seconds. CPU system time: 0 seconds. Elapsed time: 0.03 seconds; current allocated memory: 160.965 MB.
INFO: [HLS 200-111] Finished Architecture Synthesis: CPU user time: 0 seconds. CPU system time: 0 seconds. Elapsed time: 0.019 seconds; current allocated memory: 160.988 MB.
INFO: [HLS 200-10] Starting hardware synthesis ...
INFO: [HLS 200-10] Synthesizing 'fpu_top' ...
INFO: [HLS 200-10] ----------------------------------------------------------------
INFO: [HLS 200-42] -- Implementing module 'fpu_top' 
INFO: [HLS 200-10] ----------------------------------------------------------------
INFO: [SCHED 204-11] Starting scheduling ...
INFO: [SCHED 204-11] Finished scheduling.
INFO: [HLS 200-111] Finished Scheduling: CPU user time: 0 seconds. CPU system time: 0 seconds. Elapsed time: 1.009 seconds; current allocated memory: 160.988 MB.
INFO: [BIND 205-100] Starting micro-architecture generation ...
INFO: [BIND 205-101] Performing variable lifetime analysis.
INFO: [BIND 205-101] Exploring resource sharing.
INFO: [BIND 205-101] Binding ...
INFO: [BIND 205-100] Finished micro-architecture generation.
INFO: [HLS 200-111] Finished Binding: CPU user time: 0 seconds. CPU system time: 0 seconds. Elapsed time: 0.012 seconds; current allocated memory: 160.988 MB.
INFO: [HLS 200-10] ----------------------------------------------------------------
INFO: [HLS 200-10] -- Generating RTL for module 'fpu_top' 
INFO: [HLS 200-10] ----------------------------------------------------------------
WARNING: [RTGEN 206-101] Design contains AXI ports. Reset is fixed to synchronous and active low.
INFO: [RTGEN 206-500] Setting interface mode on port 'fpu_top/clk' to 's_axilite & ap_none'.
INFO: [RTGEN 206-500] Setting interface mode on port 'fpu_top/rst_n' to 's_axilite & ap_none'.
INFO: [RTGEN 206-500] Setting interface mode on port 'fpu_top/ce_r' to 's_axilite & ap_none'.
INFO: [RTGEN 206-500] Setting interface mode on port 'fpu_top/valid_in' to 's_axilite & ap_none'.
INFO: [RTGEN 206-500] Setting interface mode on port 'fpu_top/precision' to 's_axilite & ap_none'.
INFO: [RTGEN 206-500] Setting interface mode on port 'fpu_top/op' to 's_axilite & ap_none'.
INFO: [RTGEN 206-500] Setting interface mode on port 'fpu_top/operand_a' to 's_axilite & ap_none'.
INFO: [RTGEN 206-500] Setting interface mode on port 'fpu_top/operand_b' to 's_axilite & ap_none'.
INFO: [RTGEN 206-500] Setting interface mode on port 'fpu_top/valid_out' to 's_axilite & ap_none'.
INFO: [RTGEN 206-500] Setting interface mode on port 'fpu_top/precision_out' to 's_axilite & ap_none'.
INFO: [RTGEN 206-500] Setting interface mode on port 'fpu_top/result' to 's_axilite & ap_none'.
INFO: [RTGEN 206-500] Setting interface mode on port 'fpu_top/exceptions' to 's_axilite & ap_none'.
INFO: [RTGEN 206-500] Setting interface mode on function 'fpu_top' to 'ap_ctrl_none'.
INFO: [RTGEN 206-100] Bundling port 'clk', 'rst_n', 'ce_r', 'valid_in', 'precision', 'op', 'operand_a', 'operand_b', 'valid_out', 'precision_out', 'result' and 'exceptions' to AXI-Lite port control.
INFO: [RTGEN 206-100] Finished creating RTL model for 'fpu_top'.
INFO: [HLS 200-111] Finished Creating RTL model: CPU user time: 0 seconds. CPU system time: 0 seconds. Elapsed time: 0.026 seconds; current allocated memory: 160.988 MB.
INFO: [HLS 200-111] Finished Generating all RTL models: CPU user time: 0 seconds. CPU system time: 0 seconds. Elapsed time: 0.143 seconds; current allocated memory: 162.723 MB.
INFO: [HLS 200-111] Finished Updating report files: CPU user time: 1 seconds. CPU system time: 0 seconds. Elapsed time: 0.428 seconds; current allocated memory: 166.129 MB.
INFO: [VHDL 208-304] Generating VHDL RTL for fpu_top.
INFO: [VLOG 209-307] Generating Verilog RTL for fpu_top.
INFO: [HLS 200-789] **** Estimated Fmax: 0.00 MHz
INFO: [HLS 200-2161] Finished Command csynth_design Elapsed time: 00:00:10; Allocated memory: 35.285 MB.
INFO: [HLS 200-1510] Running: cosim_design -rtl verilog -tool xsim -trace_level all 
INFO: [COSIM 212-47] Using XSIM for RTL simulation.
INFO: [COSIM 212-14] Instrumenting C test bench ...
   Build using "C:/Xilinx/Vitis_HLS/2024.1/vcxx/libexec/clang++"
   Compiling dummy_tb.cpp_pre.cpp.tb.cpp
   Compiling fpu_stub.cpp_pre.cpp.tb.cpp
   Compiling apatb_fpu_top.cpp
   Compiling apatb_fpu_top_ir.ll
   Generating cosim.tv.exe
INFO: [COSIM 212-302] Starting C TB testing ... 
INFO: [COSIM 212-333] Generating C post check test bench ...
INFO: [COSIM 212-12] Generating RTL test bench ...
INFO: [COSIM 212-1] *** C/RTL co-simulation file generation completed. ***
INFO: [COSIM 212-323] Starting verilog simulation. 
INFO: [COSIM 212-15] Starting XSIM ...

C:\Users\umbre\Downloads\FPGAs-Proyecto-Final\blackbox\scripts\fpu_hls_project\solution1\sim\verilog>set PATH= 

C:\Users\umbre\Downloads\FPGAs-Proyecto-Final\blackbox\scripts\fpu_hls_project\solution1\sim\verilog>call C:/Xilinx/Vivado/2024.1/bin/xelab xil_defaultlib.apatb_fpu_top_top glbl -Oenable_linking_all_libraries  -prj fpu_top.prj -L smartconnect_v1_0 -L axi_protocol_checker_v1_1_12 -L axi_protocol_checker_v1_1_13 -L axis_protocol_checker_v1_1_11 -L axis_protocol_checker_v1_1_12 -L xil_defaultlib -L unisims_ver -L xpm  -L floating_point_v7_0_23 -L floating_point_v7_1_18 --lib "ieee_proposed=./ieee_proposed" -s fpu_top -debug all 
Vivado Simulator v2024.1
Copyright 1986-2022 Xilinx, Inc. All Rights Reserved.
Copyright 2022-2024 Advanced Micro Devices, Inc. All Rights Reserved.
Running: C:/Xilinx/Vivado/2024.1/bin/unwrapped/win64.o/xelab.exe xil_defaultlib.apatb_fpu_top_top glbl -Oenable_linking_all_libraries -prj fpu_top.prj -L smartconnect_v1_0 -L axi_protocol_checker_v1_1_12 -L axi_protocol_checker_v1_1_13 -L axis_protocol_checker_v1_1_11 -L axis_protocol_checker_v1_1_12 -L xil_defaultlib -L unisims_ver -L xpm -L floating_point_v7_0_23 -L floating_point_v7_1_18 --lib ieee_proposed=./ieee_proposed -s fpu_top -debug all 
Multi-threading is on. Using 14 slave threads.
INFO: [VRFC 10-2263] Analyzing SystemVerilog file "C:/Users/umbre/Downloads/FPGAs-Proyecto-Final/blackbox/scripts/fpu_hls_project/solution1/sim/verilog/glbl.v" into library work
INFO: [VRFC 10-311] analyzing module glbl
INFO: [VRFC 10-2263] Analyzing SystemVerilog file "C:/Users/umbre/Downloads/FPGAs-Proyecto-Final/blackbox/scripts/fpu_hls_project/solution1/sim/verilog/AESL_axi_slave_control.v" into library xil_defaultlib
INFO: [VRFC 10-311] analyzing module AESL_axi_slave_control
INFO: [VRFC 10-2263] Analyzing SystemVerilog file "C:/Users/umbre/Downloads/FPGAs-Proyecto-Final/blackbox/scripts/fpu_hls_project/solution1/sim/verilog/fpu_top.autotb.v" into library xil_defaultlib
INFO: [VRFC 10-311] analyzing module apatb_fpu_top_top
INFO: [VRFC 10-2263] Analyzing SystemVerilog file "C:/Users/umbre/Downloads/FPGAs-Proyecto-Final/blackbox/scripts/fpu_hls_project/solution1/sim/verilog/fpu_top.v" into library xil_defaultlib
INFO: [VRFC 10-311] analyzing module fpu_top
INFO: [VRFC 10-2263] Analyzing SystemVerilog file "C:/Users/umbre/Downloads/FPGAs-Proyecto-Final/blackbox/scripts/fpu_hls_project/solution1/sim/verilog/fpu_top_control_s_axi.v" into library xil_defaultlib
INFO: [VRFC 10-311] analyzing module fpu_top_control_s_axi
INFO: [VRFC 10-2263] Analyzing SystemVerilog file "C:/Users/umbre/Downloads/FPGAs-Proyecto-Final/blackbox/scripts/fpu_hls_project/solution1/sim/verilog/dataflow_monitor.sv" into library xil_defaultlib
INFO: [VRFC 10-311] analyzing module dataflow_monitor
Starting static elaboration
Pass Through NonSizing Optimizer
WARNING: [VRFC 10-3645] port 'rst' remains unconnected for this instance [C:/Users/umbre/Downloads/FPGAs-Proyecto-Final/blackbox/scripts/fpu_hls_project/solution1/sim/verilog/fpu_top.v:83]
Completed static elaboration
Starting simulation data flow analysis
Completed simulation data flow analysis
Time Resolution for simulation is 1ps
Compiling package xil_defaultlib.$unit_dataflow_monitor_sv
Compiling module xil_defaultlib.fpu_top_control_s_axi
Compiling module xil_defaultlib.fpu_top
Compiling module xil_defaultlib.AESL_axi_slave_control
Compiling module xil_defaultlib.nodf_module_intf_default
Compiling module xil_defaultlib.dataflow_monitor
Compiling module xil_defaultlib.apatb_fpu_top_top
Compiling module work.glbl
Built simulation snapshot fpu_top

****** xsim v2024.1 (64-bit)
  **** SW Build 5076996 on Wed May 22 18:37:14 MDT 2024
  **** IP Build 5075265 on Wed May 22 21:45:21 MDT 2024
  **** SharedData Build 5076995 on Wed May 22 18:29:18 MDT 2024
  **** Start of session at: Thu Apr 23 12:09:35 2026
    ** Copyright 1986-2022 Xilinx, Inc. All Rights Reserved.
    ** Copyright 2022-2024 Advanced Micro Devices, Inc. All Rights Reserved.

source xsim.dir/fpu_top/xsim_script.tcl
# xsim {fpu_top} -view {{fpu_top_dataflow_ana.wcfg}} -tclbatch {fpu_top.tcl} -protoinst {fpu_top.protoinst}
INFO: [Wavedata 42-565] Reading protoinst file fpu_top.protoinst
Time resolution is 1 ps
open_wave_config fpu_top_dataflow_ana.wcfg
source fpu_top.tcl
## log_wave -r /
WARNING: [Simtcl 6-197] One or more HDL objects could not be logged because of object type or size limitations.  To see details please rerun the command with -verbose (-v).
## set designtopgroup [add_wave_group "Design Top Signals"]
## set cinputgroup [add_wave_group "C Inputs" -into $designtopgroup]
## set clk__rst_n__ce_r__valid_in__precision__op__operand_a__operand_b__valid_out__precision_out__result__exceptions_group [add_wave_group clk__rst_n__ce_r__valid_in__precision__op__operand_a__operand_b__valid_out__precision_out__result__exceptions(axi_slave) -into $cinputgroup]
## add_wave /apatb_fpu_top_top/AESL_inst_fpu_top/s_axi_control_BRESP -into $clk__rst_n__ce_r__valid_in__precision__op__operand_a__operand_b__valid_out__precision_out__result__exceptions_group -radix hex
## add_wave /apatb_fpu_top_top/AESL_inst_fpu_top/s_axi_control_BREADY -into $clk__rst_n__ce_r__valid_in__precision__op__operand_a__operand_b__valid_out__precision_out__result__exceptions_group -color #ffff00 -radix hex
## add_wave /apatb_fpu_top_top/AESL_inst_fpu_top/s_axi_control_BVALID -into $clk__rst_n__ce_r__valid_in__precision__op__operand_a__operand_b__valid_out__precision_out__result__exceptions_group -color #ffff00 -radix hex
## add_wave /apatb_fpu_top_top/AESL_inst_fpu_top/s_axi_control_RRESP -into $clk__rst_n__ce_r__valid_in__precision__op__operand_a__operand_b__valid_out__precision_out__result__exceptions_group -radix hex
## add_wave /apatb_fpu_top_top/AESL_inst_fpu_top/s_axi_control_RDATA -into $clk__rst_n__ce_r__valid_in__precision__op__operand_a__operand_b__valid_out__precision_out__result__exceptions_group -radix hex
## add_wave /apatb_fpu_top_top/AESL_inst_fpu_top/s_axi_control_RREADY -into $clk__rst_n__ce_r__valid_in__precision__op__operand_a__operand_b__valid_out__precision_out__result__exceptions_group -color #ffff00 -radix hex
## add_wave /apatb_fpu_top_top/AESL_inst_fpu_top/s_axi_control_RVALID -into $clk__rst_n__ce_r__valid_in__precision__op__operand_a__operand_b__valid_out__precision_out__result__exceptions_group -color #ffff00 -radix hex
## add_wave /apatb_fpu_top_top/AESL_inst_fpu_top/s_axi_control_ARREADY -into $clk__rst_n__ce_r__valid_in__precision__op__operand_a__operand_b__valid_out__precision_out__result__exceptions_group -color #ffff00 -radix hex
## add_wave /apatb_fpu_top_top/AESL_inst_fpu_top/s_axi_control_ARVALID -into $clk__rst_n__ce_r__valid_in__precision__op__operand_a__operand_b__valid_out__precision_out__result__exceptions_group -color #ffff00 -radix hex
## add_wave /apatb_fpu_top_top/AESL_inst_fpu_top/s_axi_control_ARADDR -into $clk__rst_n__ce_r__valid_in__precision__op__operand_a__operand_b__valid_out__precision_out__result__exceptions_group -radix hex
## add_wave /apatb_fpu_top_top/AESL_inst_fpu_top/s_axi_control_WSTRB -into $clk__rst_n__ce_r__valid_in__precision__op__operand_a__operand_b__valid_out__precision_out__result__exceptions_group -radix hex
## add_wave /apatb_fpu_top_top/AESL_inst_fpu_top/s_axi_control_WDATA -into $clk__rst_n__ce_r__valid_in__precision__op__operand_a__operand_b__valid_out__precision_out__result__exceptions_group -radix hex
## add_wave /apatb_fpu_top_top/AESL_inst_fpu_top/s_axi_control_WREADY -into $clk__rst_n__ce_r__valid_in__precision__op__operand_a__operand_b__valid_out__precision_out__result__exceptions_group -color #ffff00 -radix hex
## add_wave /apatb_fpu_top_top/AESL_inst_fpu_top/s_axi_control_WVALID -into $clk__rst_n__ce_r__valid_in__precision__op__operand_a__operand_b__valid_out__precision_out__result__exceptions_group -color #ffff00 -radix hex
## add_wave /apatb_fpu_top_top/AESL_inst_fpu_top/s_axi_control_AWREADY -into $clk__rst_n__ce_r__valid_in__precision__op__operand_a__operand_b__valid_out__precision_out__result__exceptions_group -color #ffff00 -radix hex
## add_wave /apatb_fpu_top_top/AESL_inst_fpu_top/s_axi_control_AWVALID -into $clk__rst_n__ce_r__valid_in__precision__op__operand_a__operand_b__valid_out__precision_out__result__exceptions_group -color #ffff00 -radix hex
## add_wave /apatb_fpu_top_top/AESL_inst_fpu_top/s_axi_control_AWADDR -into $clk__rst_n__ce_r__valid_in__precision__op__operand_a__operand_b__valid_out__precision_out__result__exceptions_group -radix hex
## set resetgroup [add_wave_group "Reset" -into $designtopgroup]
## add_wave /apatb_fpu_top_top/AESL_inst_fpu_top/ap_rst_n -into $resetgroup
## set clockgroup [add_wave_group "Clock" -into $designtopgroup]
## add_wave /apatb_fpu_top_top/AESL_inst_fpu_top/ap_clk -into $clockgroup
## set testbenchgroup [add_wave_group "Test Bench Signals"]
## set tbinternalsiggroup [add_wave_group "Internal Signals" -into $testbenchgroup]
## set tb_simstatus_group [add_wave_group "Simulation Status" -into $tbinternalsiggroup]
## set tb_portdepth_group [add_wave_group "Port Depth" -into $tbinternalsiggroup]
## add_wave /apatb_fpu_top_top/AUTOTB_TRANSACTION_NUM -into $tb_simstatus_group -radix hex
## add_wave /apatb_fpu_top_top/ready_cnt -into $tb_simstatus_group -radix hex
## add_wave /apatb_fpu_top_top/done_cnt -into $tb_simstatus_group -radix hex
## add_wave /apatb_fpu_top_top/LENGTH_ce_r -into $tb_portdepth_group -radix hex
## add_wave /apatb_fpu_top_top/LENGTH_clk -into $tb_portdepth_group -radix hex
## add_wave /apatb_fpu_top_top/LENGTH_exceptions -into $tb_portdepth_group -radix hex
## add_wave /apatb_fpu_top_top/LENGTH_op -into $tb_portdepth_group -radix hex
## add_wave /apatb_fpu_top_top/LENGTH_operand_a -into $tb_portdepth_group -radix hex
## add_wave /apatb_fpu_top_top/LENGTH_operand_b -into $tb_portdepth_group -radix hex
## add_wave /apatb_fpu_top_top/LENGTH_precision -into $tb_portdepth_group -radix hex
## add_wave /apatb_fpu_top_top/LENGTH_precision_out -into $tb_portdepth_group -radix hex
## add_wave /apatb_fpu_top_top/LENGTH_result -into $tb_portdepth_group -radix hex
## add_wave /apatb_fpu_top_top/LENGTH_rst_n -into $tb_portdepth_group -radix hex
## add_wave /apatb_fpu_top_top/LENGTH_valid_in -into $tb_portdepth_group -radix hex
## add_wave /apatb_fpu_top_top/LENGTH_valid_out -into $tb_portdepth_group -radix hex
## set tbcinputgroup [add_wave_group "C Inputs" -into $testbenchgroup]
## set tb_clk__rst_n__ce_r__valid_in__precision__op__operand_a__operand_b__valid_out__precision_out__result__exceptions_group [add_wave_group clk__rst_n__ce_r__valid_in__precision__op__operand_a__operand_b__valid_out__precision_out__result__exceptions(axi_slave) -into $tbcinputgroup]
## add_wave /apatb_fpu_top_top/control_BRESP -into $tb_clk__rst_n__ce_r__valid_in__precision__op__operand_a__operand_b__valid_out__precision_out__result__exceptions_group -radix hex
## add_wave /apatb_fpu_top_top/control_BREADY -into $tb_clk__rst_n__ce_r__valid_in__precision__op__operand_a__operand_b__valid_out__precision_out__result__exceptions_group -color #ffff00 -radix hex
## add_wave /apatb_fpu_top_top/control_BVALID -into $tb_clk__rst_n__ce_r__valid_in__precision__op__operand_a__operand_b__valid_out__precision_out__result__exceptions_group -color #ffff00 -radix hex
## add_wave /apatb_fpu_top_top/control_RRESP -into $tb_clk__rst_n__ce_r__valid_in__precision__op__operand_a__operand_b__valid_out__precision_out__result__exceptions_group -radix hex
## add_wave /apatb_fpu_top_top/control_RDATA -into $tb_clk__rst_n__ce_r__valid_in__precision__op__operand_a__operand_b__valid_out__precision_out__result__exceptions_group -radix hex
## add_wave /apatb_fpu_top_top/control_RREADY -into $tb_clk__rst_n__ce_r__valid_in__precision__op__operand_a__operand_b__valid_out__precision_out__result__exceptions_group -color #ffff00 -radix hex
## add_wave /apatb_fpu_top_top/control_RVALID -into $tb_clk__rst_n__ce_r__valid_in__precision__op__operand_a__operand_b__valid_out__precision_out__result__exceptions_group -color #ffff00 -radix hex
## add_wave /apatb_fpu_top_top/control_ARREADY -into $tb_clk__rst_n__ce_r__valid_in__precision__op__operand_a__operand_b__valid_out__precision_out__result__exceptions_group -color #ffff00 -radix hex
## add_wave /apatb_fpu_top_top/control_ARVALID -into $tb_clk__rst_n__ce_r__valid_in__precision__op__operand_a__operand_b__valid_out__precision_out__result__exceptions_group -color #ffff00 -radix hex
## add_wave /apatb_fpu_top_top/control_ARADDR -into $tb_clk__rst_n__ce_r__valid_in__precision__op__operand_a__operand_b__valid_out__precision_out__result__exceptions_group -radix hex
## add_wave /apatb_fpu_top_top/control_WSTRB -into $tb_clk__rst_n__ce_r__valid_in__precision__op__operand_a__operand_b__valid_out__precision_out__result__exceptions_group -radix hex
## add_wave /apatb_fpu_top_top/control_WDATA -into $tb_clk__rst_n__ce_r__valid_in__precision__op__operand_a__operand_b__valid_out__precision_out__result__exceptions_group -radix hex
## add_wave /apatb_fpu_top_top/control_WREADY -into $tb_clk__rst_n__ce_r__valid_in__precision__op__operand_a__operand_b__valid_out__precision_out__result__exceptions_group -color #ffff00 -radix hex
## add_wave /apatb_fpu_top_top/control_WVALID -into $tb_clk__rst_n__ce_r__valid_in__precision__op__operand_a__operand_b__valid_out__precision_out__result__exceptions_group -color #ffff00 -radix hex
## add_wave /apatb_fpu_top_top/control_AWREADY -into $tb_clk__rst_n__ce_r__valid_in__precision__op__operand_a__operand_b__valid_out__precision_out__result__exceptions_group -color #ffff00 -radix hex
## add_wave /apatb_fpu_top_top/control_AWVALID -into $tb_clk__rst_n__ce_r__valid_in__precision__op__operand_a__operand_b__valid_out__precision_out__result__exceptions_group -color #ffff00 -radix hex
## add_wave /apatb_fpu_top_top/control_AWADDR -into $tb_clk__rst_n__ce_r__valid_in__precision__op__operand_a__operand_b__valid_out__precision_out__result__exceptions_group -radix hex
## save_wave_config fpu_top.wcfg
## run all
////////////////////////////////////////////////////////////////////////////////////
// Inter-Transaction Progress: Completed Transaction / Total Transaction
// Intra-Transaction Progress: Measured Latency / Latency Estimation * 100%
//
// RTL Simulation : "Inter-Transaction Progress" ["Intra-Transaction Progress"] @ "Simulation Time"
////////////////////////////////////////////////////////////////////////////////////
// RTL Simulation : 0 / 1 [n/a] @ "210000"
// RTL Simulation : 1 / 1 [n/a] @ "250000"
////////////////////////////////////////////////////////////////////////////////////
$finish called at time : 370 ns : File "C:/Users/umbre/Downloads/FPGAs-Proyecto-Final/blackbox/scripts/fpu_hls_project/solution1/sim/verilog/fpu_top.autotb.v" Line 328
## quit
INFO: [Common 17-206] Exiting xsim at Thu Apr 23 12:09:39 2026...
INFO: [COSIM 212-316] Starting C post checking ...
INFO: [COSIM 212-1000] *** C/RTL co-simulation finished: PASS ***
INFO: [COSIM 212-210] Design is translated to an combinational logic. II and Latency will be marked as all 0.
INFO: [HLS 200-2161] Finished Command cosim_design Elapsed time: 00:00:15; Allocated memory: 11.180 MB.
INFO: [HLS 200-1510] Running: export_design -format ip_catalog -output fpu_ip.zip 
INFO: [IMPL 213-8] Exporting RTL as a Vivado IP.

****** Vivado v2024.1 (64-bit)
  **** SW Build 5076996 on Wed May 22 18:37:14 MDT 2024
  **** IP Build 5075265 on Wed May 22 21:45:21 MDT 2024
  **** SharedData Build 5076995 on Wed May 22 18:29:18 MDT 2024
  **** Start of session at: Thu Apr 23 12:09:43 2026
    ** Copyright 1986-2022 Xilinx, Inc. All Rights Reserved.
    ** Copyright 2022-2024 Advanced Micro Devices, Inc. All Rights Reserved.

source run_ippack.tcl -notrace
INFO: calling package_hls_ip ip_types=vitis sysgen json_file=C:/Users/umbre/Downloads/FPGAs-Proyecto-Final/blackbox/scripts/fpu_hls_project/solution1/solution1_data.json outdir=C:/Users/umbre/Downloads/FPGAs-Proyecto-Final/blackbox/scripts/fpu_hls_project/solution1/impl/ip srcdir=C:/Users/umbre/Downloads/FPGAs-Proyecto-Final/blackbox/scripts/fpu_hls_project/solution1 sort_interfaces_ports=false
INFO: Copied 1 ipmisc file(s) to C:/Users/umbre/Downloads/FPGAs-Proyecto-Final/blackbox/scripts/fpu_hls_project/solution1/impl/ip/misc
INFO: Copied 2 verilog file(s) to C:/Users/umbre/Downloads/FPGAs-Proyecto-Final/blackbox/scripts/fpu_hls_project/solution1/impl/ip/hdl/verilog
INFO: Copied 2 vhdl file(s) to C:/Users/umbre/Downloads/FPGAs-Proyecto-Final/blackbox/scripts/fpu_hls_project/solution1/impl/ip/hdl/vhdl
INFO: Copied 10 swdriver file(s) to C:/Users/umbre/Downloads/FPGAs-Proyecto-Final/blackbox/scripts/fpu_hls_project/solution1/impl/ip/drivers
INFO: Import ports from HDL: C:/Users/umbre/Downloads/FPGAs-Proyecto-Final/blackbox/scripts/fpu_hls_project/solution1/impl/ip/hdl/vhdl/fpu_top.vhd (fpu_top)
INFO: Add axi4lite interface s_axi_control
INFO: Add clock interface ap_clk
INFO: Add reset interface ap_rst_n
INFO: Calling post_process_vitis to specialize IP
INFO: Calling post_process_sysgen to specialize IP
Generating sysgen info xml from json file
INFO: Created IP C:/Users/umbre/Downloads/FPGAs-Proyecto-Final/blackbox/scripts/fpu_hls_project/solution1/impl/ip/component.xml
INFO: Created IP archive C:/Users/umbre/Downloads/FPGAs-Proyecto-Final/blackbox/scripts/fpu_hls_project/solution1/impl/ip/xilinx_com_hls_fpu_top_1_0.zip
INFO: [Common 17-206] Exiting Vivado at Thu Apr 23 12:09:48 2026...
INFO: [HLS 200-802] Generated output file fpu_ip.zip
INFO: [HLS 200-2161] Finished Command export_design Elapsed time: 00:00:07; Allocated memory: 0.000 MB.
INFO: [HLS 200-1510] Running: close_project 
INFO: [HLS 200-112] Total CPU user time: 2 seconds. Total CPU system time: 1 seconds. Total elapsed time: 34.938 seconds; peak allocated memory: 177.461 MB.
