==============================================================
Vitis HLS - High-Level Synthesis from C, C++ and OpenCL v2024.1 (64-bit)
Tool Version Limit: 2024.05
Copyright 1986-2022 Xilinx, Inc. All Rights Reserved.
Copyright 2022-2024 Advanced Micro Devices, Inc. All Rights Reserved.

==============================================================
INFO: [HLS 200-1505] Using flow_target 'vitis'
INFO: [HLS 200-435] Setting 'open_solution -flow_target vitis' configuration: config_interface -m_axi_latency=64
INFO: [HLS 200-435] Setting 'open_solution -flow_target vitis' configuration: config_interface -m_axi_alignment_byte_size=64
INFO: [HLS 200-435] Setting 'open_solution -flow_target vitis' configuration: config_interface -m_axi_max_widen_bitwidth=512
INFO: [HLS 200-435] Setting 'open_solution -flow_target vitis' configuration: config_rtl -register_reset_num=3
INFO: [HLS 200-1510] Running: set_part xck26-sfvc784-2LV-c 
INFO: [HLS 200-1611] Setting target device to 'xck26-sfvc784-2LV-c'
INFO: [HLS 200-1510] Running: create_clock -period 20.0 -name default 
INFO: [SYN 201-201] Setting up clock 'default' with a period of 20ns.
INFO: [HLS 200-1510] Running: csynth_design 
WARNING: [HLS 200-40] Skipped source file 'fp_unpack.sv'. Source files must have extensions .c, .C, .cc, .cpp, .c++, .cp, or .cxx.
WARNING: [HLS 200-40] Skipped source file 'fp_pack.sv'. Source files must have extensions .c, .C, .cc, .cpp, .c++, .cp, or .cxx.
WARNING: [HLS 200-40] Skipped source file 'fp_divider.sv'. Source files must have extensions .c, .C, .cc, .cpp, .c++, .cp, or .cxx.
WARNING: [HLS 200-40] Skipped source file 'fpu_core.sv'. Source files must have extensions .c, .C, .cc, .cpp, .c++, .cp, or .cxx.
WARNING: [HLS 200-40] Skipped source file 'fpu_top.sv'. Source files must have extensions .c, .C, .cc, .cpp, .c++, .cp, or .cxx.
WARNING: [HLS 200-40] Skipped source file 'fpu_pkg.sv'. Source files must have extensions .c, .C, .cc, .cpp, .c++, .cp, or .cxx.
INFO: [HLS 200-111] Finished File checks and directory preparation: CPU user time: 0 seconds. CPU system time: 0 seconds. Elapsed time: 0.072 seconds; current allocated memory: 131.219 MB.
INFO: [HLS 200-10] Analyzing design file '../src/fpu_stub.cpp' ... 
INFO: [HLS 200-111] Finished Source Code Analysis and Preprocessing: CPU user time: 0 seconds. CPU system time: 0 seconds. Elapsed time: 2.323 seconds; current allocated memory: 133.789 MB.
INFO: [HLS 200-777] Using interface defaults for 'Vitis' flow target.
INFO: [HLS 200-1995] There were 10 instructions in the design after the 'Compile/Link' phase of compilation. See the Design Size Report for more details: C:/Users/umbre/Downloads/FPGAs-Proyecto-Final/blackbox/scripts/fpu_hls_project/solution1/syn/report/csynth_design_size.rpt
INFO: [HLS 200-1995] There were 10 instructions in the design after the 'Unroll/Inline (step 1)' phase of compilation. See the Design Size Report for more details: C:/Users/umbre/Downloads/FPGAs-Proyecto-Final/blackbox/scripts/fpu_hls_project/solution1/syn/report/csynth_design_size.rpt
INFO: [HLS 200-1995] There were 10 instructions in the design after the 'Unroll/Inline (step 2)' phase of compilation. See the Design Size Report for more details: C:/Users/umbre/Downloads/FPGAs-Proyecto-Final/blackbox/scripts/fpu_hls_project/solution1/syn/report/csynth_design_size.rpt
INFO: [HLS 200-1995] There were 26 instructions in the design after the 'Unroll/Inline (step 3)' phase of compilation. See the Design Size Report for more details: C:/Users/umbre/Downloads/FPGAs-Proyecto-Final/blackbox/scripts/fpu_hls_project/solution1/syn/report/csynth_design_size.rpt
INFO: [HLS 200-1995] There were 26 instructions in the design after the 'Unroll/Inline (step 4)' phase of compilation. See the Design Size Report for more details: C:/Users/umbre/Downloads/FPGAs-Proyecto-Final/blackbox/scripts/fpu_hls_project/solution1/syn/report/csynth_design_size.rpt
INFO: [HLS 200-1995] There were 26 instructions in the design after the 'Array/Struct (step 1)' phase of compilation. See the Design Size Report for more details: C:/Users/umbre/Downloads/FPGAs-Proyecto-Final/blackbox/scripts/fpu_hls_project/solution1/syn/report/csynth_design_size.rpt
INFO: [HLS 200-1995] There were 26 instructions in the design after the 'Array/Struct (step 2)' phase of compilation. See the Design Size Report for more details: C:/Users/umbre/Downloads/FPGAs-Proyecto-Final/blackbox/scripts/fpu_hls_project/solution1/syn/report/csynth_design_size.rpt
INFO: [HLS 200-1995] There were 26 instructions in the design after the 'Array/Struct (step 3)' phase of compilation. See the Design Size Report for more details: C:/Users/umbre/Downloads/FPGAs-Proyecto-Final/blackbox/scripts/fpu_hls_project/solution1/syn/report/csynth_design_size.rpt
INFO: [HLS 200-1995] There were 26 instructions in the design after the 'Array/Struct (step 4)' phase of compilation. See the Design Size Report for more details: C:/Users/umbre/Downloads/FPGAs-Proyecto-Final/blackbox/scripts/fpu_hls_project/solution1/syn/report/csynth_design_size.rpt
INFO: [HLS 200-1995] There were 26 instructions in the design after the 'Array/Struct (step 5)' phase of compilation. See the Design Size Report for more details: C:/Users/umbre/Downloads/FPGAs-Proyecto-Final/blackbox/scripts/fpu_hls_project/solution1/syn/report/csynth_design_size.rpt
INFO: [HLS 200-1995] There were 26 instructions in the design after the 'Performance (step 1)' phase of compilation. See the Design Size Report for more details: C:/Users/umbre/Downloads/FPGAs-Proyecto-Final/blackbox/scripts/fpu_hls_project/solution1/syn/report/csynth_design_size.rpt
INFO: [HLS 200-1995] There were 26 instructions in the design after the 'Performance (step 2)' phase of compilation. See the Design Size Report for more details: C:/Users/umbre/Downloads/FPGAs-Proyecto-Final/blackbox/scripts/fpu_hls_project/solution1/syn/report/csynth_design_size.rpt
INFO: [HLS 200-1995] There were 26 instructions in the design after the 'Performance (step 3)' phase of compilation. See the Design Size Report for more details: C:/Users/umbre/Downloads/FPGAs-Proyecto-Final/blackbox/scripts/fpu_hls_project/solution1/syn/report/csynth_design_size.rpt
INFO: [HLS 200-1995] There were 26 instructions in the design after the 'Performance (step 4)' phase of compilation. See the Design Size Report for more details: C:/Users/umbre/Downloads/FPGAs-Proyecto-Final/blackbox/scripts/fpu_hls_project/solution1/syn/report/csynth_design_size.rpt
INFO: [HLS 200-1995] There were 38 instructions in the design after the 'HW Transforms (step 1)' phase of compilation. See the Design Size Report for more details: C:/Users/umbre/Downloads/FPGAs-Proyecto-Final/blackbox/scripts/fpu_hls_project/solution1/syn/report/csynth_design_size.rpt
INFO: [HLS 200-1995] There were 39 instructions in the design after the 'HW Transforms (step 2)' phase of compilation. See the Design Size Report for more details: C:/Users/umbre/Downloads/FPGAs-Proyecto-Final/blackbox/scripts/fpu_hls_project/solution1/syn/report/csynth_design_size.rpt
INFO: [HLS 200-111] Finished Compiling Optimization and Transform: CPU user time: 0 seconds. CPU system time: 0 seconds. Elapsed time: 6.675 seconds; current allocated memory: 135.641 MB.
INFO: [HLS 200-111] Finished Checking Pragmas: CPU user time: 0 seconds. CPU system time: 0 seconds. Elapsed time: 0.002 seconds; current allocated memory: 135.656 MB.
INFO: [HLS 200-10] Starting code transformations ...
INFO: [HLS 200-111] Finished Standard Transforms: CPU user time: 0 seconds. CPU system time: 0 seconds. Elapsed time: 0.009 seconds; current allocated memory: 139.145 MB.
INFO: [HLS 200-10] Checking synthesizability ...
WARNING: [SYNCHK 200-77] The top function 'fpu_top' (../src/fpu_stub.cpp:6) has no outputs. Possible cause(s) are: (1) Output parameters are passed by value; (2) intended outputs (parameters or global variables) are never written; (3) there are infinite loops.
INFO: [SYNCHK 200-10] 0 error(s), 1 warning(s).
INFO: [HLS 200-111] Finished Checking Synthesizability: CPU user time: 0 seconds. CPU system time: 0 seconds. Elapsed time: 0.007 seconds; current allocated memory: 140.578 MB.
INFO: [HLS 200-111] Finished Loop, function and other optimizations: CPU user time: 0 seconds. CPU system time: 0 seconds. Elapsed time: 0.03 seconds; current allocated memory: 160.965 MB.
INFO: [HLS 200-111] Finished Architecture Synthesis: CPU user time: 0 seconds. CPU system time: 0 seconds. Elapsed time: 0.019 seconds; current allocated memory: 160.988 MB.
INFO: [HLS 200-10] Starting hardware synthesis ...
INFO: [HLS 200-10] Synthesizing 'fpu_top' ...
INFO: [HLS 200-10] ----------------------------------------------------------------
INFO: [HLS 200-42] -- Implementing module 'fpu_top' 
INFO: [HLS 200-10] ----------------------------------------------------------------
INFO: [SCHED 204-11] Starting scheduling ...
INFO: [SCHED 204-11] Finished scheduling.
INFO: [HLS 200-111] Finished Scheduling: CPU user time: 0 seconds. CPU system time: 0 seconds. Elapsed time: 1.009 seconds; current allocated memory: 160.988 MB.
INFO: [BIND 205-100] Starting micro-architecture generation ...
INFO: [BIND 205-101] Performing variable lifetime analysis.
INFO: [BIND 205-101] Exploring resource sharing.
INFO: [BIND 205-101] Binding ...
INFO: [BIND 205-100] Finished micro-architecture generation.
INFO: [HLS 200-111] Finished Binding: CPU user time: 0 seconds. CPU system time: 0 seconds. Elapsed time: 0.012 seconds; current allocated memory: 160.988 MB.
INFO: [HLS 200-10] ----------------------------------------------------------------
INFO: [HLS 200-10] -- Generating RTL for module 'fpu_top' 
INFO: [HLS 200-10] ----------------------------------------------------------------
WARNING: [RTGEN 206-101] Design contains AXI ports. Reset is fixed to synchronous and active low.
INFO: [RTGEN 206-500] Setting interface mode on port 'fpu_top/clk' to 's_axilite & ap_none'.
INFO: [RTGEN 206-500] Setting interface mode on port 'fpu_top/rst_n' to 's_axilite & ap_none'.
INFO: [RTGEN 206-500] Setting interface mode on port 'fpu_top/ce_r' to 's_axilite & ap_none'.
INFO: [RTGEN 206-500] Setting interface mode on port 'fpu_top/valid_in' to 's_axilite & ap_none'.
INFO: [RTGEN 206-500] Setting interface mode on port 'fpu_top/precision' to 's_axilite & ap_none'.
INFO: [RTGEN 206-500] Setting interface mode on port 'fpu_top/op' to 's_axilite & ap_none'.
INFO: [RTGEN 206-500] Setting interface mode on port 'fpu_top/operand_a' to 's_axilite & ap_none'.
INFO: [RTGEN 206-500] Setting interface mode on port 'fpu_top/operand_b' to 's_axilite & ap_none'.
INFO: [RTGEN 206-500] Setting interface mode on port 'fpu_top/valid_out' to 's_axilite & ap_none'.
INFO: [RTGEN 206-500] Setting interface mode on port 'fpu_top/precision_out' to 's_axilite & ap_none'.
INFO: [RTGEN 206-500] Setting interface mode on port 'fpu_top/result' to 's_axilite & ap_none'.
INFO: [RTGEN 206-500] Setting interface mode on port 'fpu_top/exceptions' to 's_axilite & ap_none'.
INFO: [RTGEN 206-500] Setting interface mode on function 'fpu_top' to 'ap_ctrl_none'.
INFO: [RTGEN 206-100] Bundling port 'clk', 'rst_n', 'ce_r', 'valid_in', 'precision', 'op', 'operand_a', 'operand_b', 'valid_out', 'precision_out', 'result' and 'exceptions' to AXI-Lite port control.
INFO: [RTGEN 206-100] Finished creating RTL model for 'fpu_top'.
INFO: [HLS 200-111] Finished Creating RTL model: CPU user time: 0 seconds. CPU system time: 0 seconds. Elapsed time: 0.026 seconds; current allocated memory: 160.988 MB.
INFO: [HLS 200-111] Finished Generating all RTL models: CPU user time: 0 seconds. CPU system time: 0 seconds. Elapsed time: 0.143 seconds; current allocated memory: 162.723 MB.
INFO: [HLS 200-111] Finished Updating report files: CPU user time: 1 seconds. CPU system time: 0 seconds. Elapsed time: 0.428 seconds; current allocated memory: 166.129 MB.
INFO: [VHDL 208-304] Generating VHDL RTL for fpu_top.
INFO: [VLOG 209-307] Generating Verilog RTL for fpu_top.
INFO: [HLS 200-789] **** Estimated Fmax: 0.00 MHz
INFO: [HLS 200-2161] Finished Command csynth_design Elapsed time: 00:00:10; Allocated memory: 35.285 MB.
INFO: [HLS 200-1510] Running: cosim_design -rtl verilog -tool xsim -trace_level all 
INFO: [COSIM 212-47] Using XSIM for RTL simulation.
INFO: [COSIM 212-14] Instrumenting C test bench ...
INFO: [COSIM 212-302] Starting C TB testing ... 
INFO: [COSIM 212-333] Generating C post check test bench ...
INFO: [COSIM 212-12] Generating RTL test bench ...
INFO: [COSIM 212-1] *** C/RTL co-simulation file generation completed. ***
INFO: [COSIM 212-323] Starting verilog simulation. 
INFO: [COSIM 212-15] Starting XSIM ...
INFO: [COSIM 212-316] Starting C post checking ...
INFO: [COSIM 212-1000] *** C/RTL co-simulation finished: PASS ***
INFO: [COSIM 212-210] Design is translated to an combinational logic. II and Latency will be marked as all 0.
INFO: [HLS 200-2161] Finished Command cosim_design Elapsed time: 00:00:15; Allocated memory: 11.180 MB.
INFO: [HLS 200-1510] Running: export_design -format ip_catalog -output fpu_ip.zip 
INFO: [IMPL 213-8] Exporting RTL as a Vivado IP.
INFO: [HLS 200-802] Generated output file fpu_ip.zip
INFO: [HLS 200-2161] Finished Command export_design Elapsed time: 00:00:07; Allocated memory: 0.000 MB.
INFO: [HLS 200-1510] Running: close_project 
