

================================================================
== Synthesis Summary Report of 'fpu_top'
================================================================
+ General Information: 
    * Date:           Thu Apr 23 12:09:25 2026
    * Version:        2024.1 (Build 5069499 on May 21 2024)
    * Project:        fpu_hls_project
    * Solution:       solution1 (Vitis Kernel Flow Target)
    * Product family: zynquplus
    * Target device:  xck26-sfvc784-2LV-c
    

+ Performance & Resource Estimates: 
    
    PS: '+' for module; 'o' for loop; '*' for dataflow
    +-----------+------+-------+---------+--------+----------+---------+------+----------+------+----+-----------+-----------+-----+
    |  Modules  | Issue|       | Latency | Latency| Iteration|         | Trip |          |      |    |           |           |     |
    |  & Loops  | Type | Slack | (cycles)|  (ns)  |  Latency | Interval| Count| Pipelined| BRAM | DSP|     FF    |    LUT    | URAM|
    +-----------+------+-------+---------+--------+----------+---------+------+----------+------+----+-----------+-----------+-----+
    |+ fpu_top  |     -|  14.60|        0|   0.000|         -|        1|     -|        no|     -|   -|  313 (~0%)|  456 (~0%)|    -|
    +-----------+------+-------+---------+--------+----------+---------+------+----------+------+----+-----------+-----------+-----+


================================================================
== HW Interfaces
================================================================
* S_AXILITE Interfaces
+---------------+------------+---------------+--------+----------+
| Interface     | Data Width | Address Width | Offset | Register |
+---------------+------------+---------------+--------+----------+
| s_axi_control | 32         | 7             | 16     | 0        |
+---------------+------------+---------------+--------+----------+

* S_AXILITE Registers
+---------------+---------------+--------+-------+--------+------------------------------+
| Interface     | Register      | Offset | Width | Access | Description                  |
+---------------+---------------+--------+-------+--------+------------------------------+
| s_axi_control | clk           | 0x10   | 32    | W      | Data signal of clk           |
| s_axi_control | rst_n         | 0x18   | 32    | W      | Data signal of rst_n         |
| s_axi_control | ce_r          | 0x20   | 32    | W      | Data signal of ce_r          |
| s_axi_control | valid_in      | 0x28   | 32    | W      | Data signal of valid_in      |
| s_axi_control | precision     | 0x30   | 32    | W      | Data signal of precision     |
| s_axi_control | op            | 0x38   | 32    | W      | Data signal of op            |
| s_axi_control | operand_a_1   | 0x40   | 32    | W      | Data signal of operand_a     |
| s_axi_control | operand_a_2   | 0x44   | 32    | W      | Data signal of operand_a     |
| s_axi_control | operand_b_1   | 0x4c   | 32    | W      | Data signal of operand_b     |
| s_axi_control | operand_b_2   | 0x50   | 32    | W      | Data signal of operand_b     |
| s_axi_control | valid_out     | 0x58   | 32    | W      | Data signal of valid_out     |
| s_axi_control | precision_out | 0x60   | 32    | W      | Data signal of precision_out |
| s_axi_control | result_1      | 0x68   | 32    | W      | Data signal of result        |
| s_axi_control | result_2      | 0x6c   | 32    | W      | Data signal of result        |
| s_axi_control | exceptions    | 0x74   | 32    | W      | Data signal of exceptions    |
+---------------+---------------+--------+-------+--------+------------------------------+

* TOP LEVEL CONTROL
+-----------+--------------+----------+
| Interface | Type         | Ports    |
+-----------+--------------+----------+
| ap_clk    | clock        | ap_clk   |
| ap_rst_n  | reset        | ap_rst_n |
| ap_ctrl   | ap_ctrl_none |          |
+-----------+--------------+----------+


================================================================
== SW I/O Information
================================================================
* Top Function Arguments
+---------------+-----------+--------------+
| Argument      | Direction | Datatype     |
+---------------+-----------+--------------+
| clk           | in        | bool         |
| rst_n         | in        | bool         |
| ce            | in        | bool         |
| valid_in      | in        | bool         |
| precision     | in        | ap_uint<2>   |
| op            | in        | ap_uint<2>   |
| operand_a     | in        | ap_uint<64>  |
| operand_b     | in        | ap_uint<64>  |
| valid_out     | unused    | bool&        |
| precision_out | unused    | ap_uint<2>&  |
| result        | unused    | ap_uint<64>& |
| exceptions    | unused    | ap_uint<5>&  |
+---------------+-----------+--------------+

* SW-to-HW Mapping
+---------------+---------------+----------+-----------------------------------------+
| Argument      | HW Interface  | HW Type  | HW Info                                 |
+---------------+---------------+----------+-----------------------------------------+
| clk           | s_axi_control | register | name=clk offset=0x10 range=32           |
| rst_n         | s_axi_control | register | name=rst_n offset=0x18 range=32         |
| ce            | s_axi_control | register | name=ce_r offset=0x20 range=32          |
| valid_in      | s_axi_control | register | name=valid_in offset=0x28 range=32      |
| precision     | s_axi_control | register | name=precision offset=0x30 range=32     |
| op            | s_axi_control | register | name=op offset=0x38 range=32            |
| operand_a     | s_axi_control | register | name=operand_a_1 offset=0x40 range=32   |
| operand_a     | s_axi_control | register | name=operand_a_2 offset=0x44 range=32   |
| operand_b     | s_axi_control | register | name=operand_b_1 offset=0x4c range=32   |
| operand_b     | s_axi_control | register | name=operand_b_2 offset=0x50 range=32   |
| valid_out     | s_axi_control | register | name=valid_out offset=0x58 range=32     |
| precision_out | s_axi_control | register | name=precision_out offset=0x60 range=32 |
| result        | s_axi_control | register | name=result_1 offset=0x68 range=32      |
| result        | s_axi_control | register | name=result_2 offset=0x6c range=32      |
| exceptions    | s_axi_control | register | name=exceptions offset=0x74 range=32    |
+---------------+---------------+----------+-----------------------------------------+


================================================================
== Bind Op Report
================================================================
  No bind op info in design

================================================================
== Storage Report
================================================================
+-------------------+-----------+-----------+------+------+--------+----------+------+---------+------------------+
| Name              | Usage     | Type      | BRAM | URAM | Pragma | Variable | Impl | Latency | Bitwidth, Depth, |
|                   |           |           |      |      |        |          |      |         | Banks            |
+-------------------+-----------+-----------+------+------+--------+----------+------+---------+------------------+
| + fpu_top         |           |           | 0    | 0    |        |          |      |         |                  |
|   control_s_axi_U | interface | s_axilite |      |      |        |          |      |         |                  |
+-------------------+-----------+-----------+------+------+--------+----------+------+---------+------------------+


================================================================
== Pragma Report
================================================================
* Valid Pragma Syntax
+-----------+----------------------------+--------------------------------------------------+
| Type      | Options                    | Location                                         |
+-----------+----------------------------+--------------------------------------------------+
| interface | ap_ctrl_none port=return   | ../src/fpu_stub.cpp:21 in fpu_top, return        |
| interface | s_axilite port=precision   | ../src/fpu_stub.cpp:24 in fpu_top, precision     |
| interface | s_axilite port=op          | ../src/fpu_stub.cpp:25 in fpu_top, op            |
| interface | s_axilite port=operand_a   | ../src/fpu_stub.cpp:26 in fpu_top, operand_a     |
| interface | s_axilite port=operand_b   | ../src/fpu_stub.cpp:27 in fpu_top, operand_b     |
| interface | ap_none port=valid_out     | ../src/fpu_stub.cpp:30 in fpu_top, valid_out     |
| interface | ap_none port=precision_out | ../src/fpu_stub.cpp:31 in fpu_top, precision_out |
| interface | ap_none port=result        | ../src/fpu_stub.cpp:32 in fpu_top, result        |
| interface | ap_none port=exceptions    | ../src/fpu_stub.cpp:33 in fpu_top, exceptions    |
+-----------+----------------------------+--------------------------------------------------+


