

================================================================
== Vitis HLS Report for 'fpu_top'
================================================================
* Date:           Thu Apr 23 12:09:25 2026

* Version:        2024.1 (Build 5069499 on May 21 2024)
* Project:        fpu_hls_project
* Solution:       solution1 (Vitis Kernel Flow Target)
* Product family: zynquplus
* Target device:  xck26-sfvc784-2LV-c


================================================================
== Performance Estimates
================================================================
+ Timing: 
    * Summary: 
    +--------+----------+----------+------------+
    |  Clock |  Target  | Estimated| Uncertainty|
    +--------+----------+----------+------------+
    |ap_clk  |  20.00 ns|      0 ns|     5.40 ns|
    +--------+----------+----------+------------+

+ Latency: 
    * Summary: 
    +---------+---------+----------+----------+-----+-----+---------+
    |  Latency (cycles) |  Latency (absolute) |  Interval | Pipeline|
    |   min   |   max   |    min   |    max   | min | max |   Type  |
    +---------+---------+----------+----------+-----+-----+---------+
    |        0|        0|      0 ns|      0 ns|    1|    1|       no|
    +---------+---------+----------+----------+-----+-----+---------+

    + Detail: 
        * Instance: 
        N/A

        * Loop: 
        N/A



================================================================
== Utilization Estimates
================================================================
* Summary: 
+-----------------+---------+------+--------+--------+-----+
|       Name      | BRAM_18K|  DSP |   FF   |   LUT  | URAM|
+-----------------+---------+------+--------+--------+-----+
|DSP              |        -|     -|       -|       -|    -|
|Expression       |        -|     -|       -|       -|    -|
|FIFO             |        -|     -|       -|       -|    -|
|Instance         |        0|     -|     310|     456|    0|
|Memory           |        -|     -|       -|       -|    -|
|Multiplexer      |        -|     -|       -|       -|    -|
|Register         |        -|     -|       3|       -|    -|
+-----------------+---------+------+--------+--------+-----+
|Total            |        0|     0|     313|     456|    0|
+-----------------+---------+------+--------+--------+-----+
|Available        |      288|  1248|  234240|  117120|   64|
+-----------------+---------+------+--------+--------+-----+
|Utilization (%)  |        0|     0|      ~0|      ~0|    0|
+-----------------+---------+------+--------+--------+-----+

+ Detail: 
    * Instance: 
    +-----------------+---------------+---------+----+-----+-----+-----+
    |     Instance    |     Module    | BRAM_18K| DSP|  FF | LUT | URAM|
    +-----------------+---------------+---------+----+-----+-----+-----+
    |control_s_axi_U  |control_s_axi  |        0|   0|  310|  456|    0|
    +-----------------+---------------+---------+----+-----+-----+-----+
    |Total            |               |        0|   0|  310|  456|    0|
    +-----------------+---------------+---------+----+-----+-----+-----+

    * DSP: 
    N/A

    * Memory: 
    N/A

    * FIFO: 
    N/A

    * Expression: 
    N/A

    * Multiplexer: 
    N/A

    * Register: 
    +--------------+---+----+-----+-----------+
    |     Name     | FF| LUT| Bits| Const Bits|
    +--------------+---+----+-----+-----------+
    |ap_rst_n_inv  |  1|   0|    1|          0|
    |ap_rst_reg_1  |  1|   0|    1|          0|
    |ap_rst_reg_2  |  1|   0|    1|          0|
    +--------------+---+----+-----+-----------+
    |Total         |  3|   0|    3|          0|
    +--------------+---+----+-----+-----------+



================================================================
== Interface
================================================================
* Summary: 
+-----------------------+-----+-----+--------------+--------------+--------------+
|       RTL Ports       | Dir | Bits|   Protocol   | Source Object|    C Type    |
+-----------------------+-----+-----+--------------+--------------+--------------+
|s_axi_control_AWVALID  |   in|    1|         s_axi|       control|       pointer|
|s_axi_control_AWREADY  |  out|    1|         s_axi|       control|       pointer|
|s_axi_control_AWADDR   |   in|    7|         s_axi|       control|       pointer|
|s_axi_control_WVALID   |   in|    1|         s_axi|       control|       pointer|
|s_axi_control_WREADY   |  out|    1|         s_axi|       control|       pointer|
|s_axi_control_WDATA    |   in|   32|         s_axi|       control|       pointer|
|s_axi_control_WSTRB    |   in|    4|         s_axi|       control|       pointer|
|s_axi_control_ARVALID  |   in|    1|         s_axi|       control|       pointer|
|s_axi_control_ARREADY  |  out|    1|         s_axi|       control|       pointer|
|s_axi_control_ARADDR   |   in|    7|         s_axi|       control|       pointer|
|s_axi_control_RVALID   |  out|    1|         s_axi|       control|       pointer|
|s_axi_control_RREADY   |   in|    1|         s_axi|       control|       pointer|
|s_axi_control_RDATA    |  out|   32|         s_axi|       control|       pointer|
|s_axi_control_RRESP    |  out|    2|         s_axi|       control|       pointer|
|s_axi_control_BVALID   |  out|    1|         s_axi|       control|       pointer|
|s_axi_control_BREADY   |   in|    1|         s_axi|       control|       pointer|
|s_axi_control_BRESP    |  out|    2|         s_axi|       control|       pointer|
|ap_clk                 |   in|    1|  ap_ctrl_none|       fpu_top|  return value|
|ap_rst_n               |   in|    1|  ap_ctrl_none|       fpu_top|  return value|
+-----------------------+-----+-----+--------------+--------------+--------------+

