Vivado Simulator v2024.1
Copyright 1986-2022 Xilinx, Inc. All Rights Reserved.
Copyright 2022-2024 Advanced Micro Devices, Inc. All Rights Reserved.
Running: C:/Xilinx/Vivado/2024.1/bin/unwrapped/win64.o/xelab.exe xil_defaultlib.apatb_fpu_top_top glbl -Oenable_linking_all_libraries -prj fpu_top.prj -L smartconnect_v1_0 -L axi_protocol_checker_v1_1_12 -L axi_protocol_checker_v1_1_13 -L axis_protocol_checker_v1_1_11 -L axis_protocol_checker_v1_1_12 -L xil_defaultlib -L unisims_ver -L xpm -L floating_point_v7_0_23 -L floating_point_v7_1_18 --lib ieee_proposed=./ieee_proposed -s fpu_top -debug all 
Multi-threading is on. Using 14 slave threads.
INFO: [VRFC 10-2263] Analyzing SystemVerilog file "C:/Users/umbre/Downloads/FPGAs-Proyecto-Final/blackbox/scripts/fpu_hls_project/solution1/sim/verilog/glbl.v" into library work
INFO: [VRFC 10-311] analyzing module glbl
INFO: [VRFC 10-2263] Analyzing SystemVerilog file "C:/Users/umbre/Downloads/FPGAs-Proyecto-Final/blackbox/scripts/fpu_hls_project/solution1/sim/verilog/AESL_axi_slave_control.v" into library xil_defaultlib
INFO: [VRFC 10-311] analyzing module AESL_axi_slave_control
INFO: [VRFC 10-2263] Analyzing SystemVerilog file "C:/Users/umbre/Downloads/FPGAs-Proyecto-Final/blackbox/scripts/fpu_hls_project/solution1/sim/verilog/fpu_top.autotb.v" into library xil_defaultlib
INFO: [VRFC 10-311] analyzing module apatb_fpu_top_top
INFO: [VRFC 10-2263] Analyzing SystemVerilog file "C:/Users/umbre/Downloads/FPGAs-Proyecto-Final/blackbox/scripts/fpu_hls_project/solution1/sim/verilog/fpu_top.v" into library xil_defaultlib
INFO: [VRFC 10-311] analyzing module fpu_top
INFO: [VRFC 10-2263] Analyzing SystemVerilog file "C:/Users/umbre/Downloads/FPGAs-Proyecto-Final/blackbox/scripts/fpu_hls_project/solution1/sim/verilog/fpu_top_control_s_axi.v" into library xil_defaultlib
INFO: [VRFC 10-311] analyzing module fpu_top_control_s_axi
INFO: [VRFC 10-2263] Analyzing SystemVerilog file "C:/Users/umbre/Downloads/FPGAs-Proyecto-Final/blackbox/scripts/fpu_hls_project/solution1/sim/verilog/dataflow_monitor.sv" into library xil_defaultlib
INFO: [VRFC 10-311] analyzing module dataflow_monitor
Starting static elaboration
Pass Through NonSizing Optimizer
WARNING: [VRFC 10-3645] port 'rst' remains unconnected for this instance [C:/Users/umbre/Downloads/FPGAs-Proyecto-Final/blackbox/scripts/fpu_hls_project/solution1/sim/verilog/fpu_top.v:83]
Completed static elaboration
Starting simulation data flow analysis
Completed simulation data flow analysis
Time Resolution for simulation is 1ps
Compiling package xil_defaultlib.$unit_dataflow_monitor_sv
Compiling module xil_defaultlib.fpu_top_control_s_axi
Compiling module xil_defaultlib.fpu_top
Compiling module xil_defaultlib.AESL_axi_slave_control
Compiling module xil_defaultlib.nodf_module_intf_default
Compiling module xil_defaultlib.dataflow_monitor
Compiling module xil_defaultlib.apatb_fpu_top_top
Compiling module work.glbl
Built simulation snapshot fpu_top
